<?xml version="1.0" encoding="UTF-8"?>
<!-- Generated by org.testng.reporters.JUnitReportReporter -->
<testsuite hostname="DESKTOP-5KKF2C8" failures="0" tests="1" name="Todo.examples.testcases.LoginTest" time="23.591" errors="0" timestamp="2023-05-05T02:08:41 EET" skipped="0">
  <testcase classname="Todo.examples.testcases.LoginTest" name="LoginWithEmailAndPassword" time="23.591"/>
  <system-out/>
</testsuite> <!-- Todo.examples.testcases.LoginTest -->
