<?xml version="1.0" encoding="UTF-8"?>
<!-- Generated by org.testng.reporters.JUnitReportReporter -->
<testsuite hostname="DESKTOP-5KKF2C8" failures="0" tests="2" name="Todo.examples.testcases.TodoTest" time="32.996" errors="0" timestamp="2023-05-05T02:08:41 EET" skipped="0">
  <testcase classname="Todo.examples.testcases.TodoTest" name="ShouldBeAbleDeleteNewTodo" time="21.213"/>
  <system-out/>
  <testcase classname="Todo.examples.testcases.TodoTest" name="shouldAbleToAddNewTodo" time="11.783"/>
  <system-out/>
</testsuite> <!-- Todo.examples.testcases.TodoTest -->
